\BOOKMARK [1][-]{section.1}{Introduction}{}% 1
\BOOKMARK [1][-]{section.2}{Statistical model and prediction function}{}% 2
\BOOKMARK [2][-]{subsection.2.1}{Overview}{section.2}% 3
\BOOKMARK [2][-]{subsection.2.2}{Parameterizations}{section.2}% 4
\BOOKMARK [2][-]{subsection.2.3}{Estimation}{section.2}% 5
\BOOKMARK [3][-]{subsubsection.2.3.1}{Estimation for 0}{subsection.2.3}% 6
\BOOKMARK [3][-]{subsubsection.2.3.2}{Estimation for polling variance}{subsection.2.3}% 7
\BOOKMARK [2][-]{subsection.2.4}{Putting it all together: updating prior}{section.2}% 8
\BOOKMARK [1][-]{section.3}{Data}{}% 9
\BOOKMARK [2][-]{subsection.3.1}{Features for constructing a prior \(sec:model\)}{section.3}% 10
\BOOKMARK [2][-]{subsection.3.2}{Google Trends}{section.3}% 11
\BOOKMARK [2][-]{subsection.3.3}{Preprocessing}{section.3}% 12
\BOOKMARK [2][-]{subsection.3.4}{Polling Data for Posterior Updates}{section.3}% 13
\BOOKMARK [1][-]{section.4}{Results}{}% 14
\BOOKMARK [2][-]{subsection.4.1}{Regression diagnostics}{section.4}% 15
\BOOKMARK [2][-]{subsection.4.2}{Final Projection and Baseline Comparisons}{section.4}% 16
\BOOKMARK [2][-]{subsection.4.3}{Comparing against the state-of-the-art}{section.4}% 17
\BOOKMARK [1][-]{section.5}{Conclusion, Discussion, and Future Considerations}{}% 18
\BOOKMARK [1][-]{appendix.A}{District-by-district projections}{}% 19
\BOOKMARK [1][-]{appendix.B}{Figures}{}% 20
